2018-04-25 20:45:38,517 [INFO ] (Connexion.java:connexion:31) Connection réussi
2018-04-25 20:45:38,878 [INFO ] (Connexion.java:connexion:31) Connection réussi
2018-04-25 20:45:46,357 [INFO ] (Connexion.java:connexion:31) Connection réussi
2018-04-25 20:45:46,368 [INFO ] (Connexion.java:connexion:31) Connection réussi
2018-04-25 20:45:46,632 [INFO ] (Connexion.java:connexion:31) Connection réussi
2018-04-25 20:45:46,664 [INFO ] (Connexion.java:connexion:31) Connection réussi
2018-04-25 20:45:46,719 [INFO ] (Connexion.java:connexion:31) Connection réussi
2018-04-26 09:23:22,356 [INFO ] (Connexion.java:connexion:45) Connection réussi
2018-04-26 09:23:22,368 [INFO ] (Connexion.java:connexion:45) Connection réussi
2018-04-26 09:23:22,410 [INFO ] (Connexion.java:connexion:45) Connection réussi
2018-04-26 09:23:22,421 [INFO ] (Connexion.java:connexion:45) Connection réussi
2018-04-26 09:23:22,446 [INFO ] (Connexion.java:connexion:45) Connection réussi
2018-04-26 09:37:12,882 [INFO ] (Connexion.java:connexion:45) Connection réussi
2018-04-26 09:37:12,898 [INFO ] (Connexion.java:connexion:45) Connection réussi
2018-04-26 09:37:13,022 [INFO ] (Connexion.java:connexion:45) Connection réussi
2018-04-26 09:37:13,054 [INFO ] (Connexion.java:connexion:45) Connection réussi
2018-04-26 09:37:13,118 [INFO ] (Connexion.java:connexion:45) Connection réussi
2018-04-26 09:38:36,304 [INFO ] (Connexion.java:connexion:45) Connection réussi
2018-04-26 09:38:36,317 [INFO ] (Connexion.java:connexion:45) Connection réussi
2018-04-26 09:38:36,332 [INFO ] (Connexion.java:connexion:45) Connection réussi
2018-04-26 09:38:36,346 [INFO ] (Connexion.java:connexion:45) Connection réussi
2018-04-26 09:38:36,358 [INFO ] (Connexion.java:connexion:45) Connection réussi
2018-04-26 09:38:36,384 [INFO ] (Connexion.java:connexion:45) Connection réussi
2018-04-26 09:38:36,395 [INFO ] (Connexion.java:connexion:45) Connection réussi
2018-04-26 09:38:36,408 [INFO ] (Connexion.java:connexion:45) Connection réussi
2018-04-26 09:38:36,422 [INFO ] (Connexion.java:connexion:45) Connection réussi
2018-04-26 09:38:36,433 [INFO ] (Connexion.java:connexion:45) Connection réussi
2018-04-26 09:38:36,514 [INFO ] (Connexion.java:connexion:45) Connection réussi
2018-04-26 09:38:36,571 [INFO ] (Connexion.java:connexion:45) Connection réussi
2018-04-26 09:38:36,595 [INFO ] (Connexion.java:connexion:45) Connection réussi
2018-04-26 09:38:36,611 [INFO ] (Connexion.java:connexion:45) Connection réussi
2018-04-26 09:38:42,858 [INFO ] (Connexion.java:connexion:45) Connection réussi
2018-04-26 09:38:42,869 [INFO ] (Connexion.java:connexion:45) Connection réussi
2018-04-26 09:38:42,883 [INFO ] (Connexion.java:connexion:45) Connection réussi
2018-04-26 09:38:42,894 [INFO ] (Connexion.java:connexion:45) Connection réussi
2018-04-26 09:38:42,908 [INFO ] (Connexion.java:connexion:45) Connection réussi
2018-04-26 09:38:42,925 [INFO ] (Connexion.java:connexion:45) Connection réussi
2018-04-26 09:38:42,936 [INFO ] (Connexion.java:connexion:45) Connection réussi
2018-04-26 09:38:42,947 [INFO ] (Connexion.java:connexion:45) Connection réussi
2018-04-26 09:38:42,986 [INFO ] (Connexion.java:connexion:45) Connection réussi
2018-04-26 09:38:42,997 [INFO ] (Connexion.java:connexion:45) Connection réussi
2018-04-26 09:38:43,011 [INFO ] (Connexion.java:connexion:45) Connection réussi
2018-04-26 09:38:43,022 [INFO ] (Connexion.java:connexion:45) Connection réussi
2018-04-26 09:39:42,652 [INFO ] (Connexion.java:connexion:45) Connection réussi
2018-04-26 09:39:42,668 [INFO ] (Connexion.java:connexion:45) Connection réussi
2018-04-26 09:39:42,712 [INFO ] (Connexion.java:connexion:45) Connection réussi
2018-04-26 09:39:42,724 [INFO ] (Connexion.java:connexion:45) Connection réussi
2018-04-26 09:39:42,750 [INFO ] (Connexion.java:connexion:45) Connection réussi
2018-04-26 09:39:45,658 [INFO ] (Connexion.java:connexion:45) Connection réussi
2018-04-26 09:39:45,670 [INFO ] (Connexion.java:connexion:45) Connection réussi
2018-04-26 09:39:45,698 [INFO ] (Connexion.java:connexion:45) Connection réussi
2018-04-26 09:39:45,708 [INFO ] (Connexion.java:connexion:45) Connection réussi
2018-04-26 09:39:45,735 [INFO ] (Connexion.java:connexion:45) Connection réussi
2018-04-26 09:39:47,053 [INFO ] (Connexion.java:connexion:45) Connection réussi
2018-04-26 09:39:47,066 [INFO ] (Connexion.java:connexion:45) Connection réussi
2018-04-26 09:39:47,087 [INFO ] (Connexion.java:connexion:45) Connection réussi
2018-04-26 09:39:47,098 [INFO ] (Connexion.java:connexion:45) Connection réussi
2018-04-26 09:39:47,108 [INFO ] (Connexion.java:connexion:45) Connection réussi
2018-04-26 09:39:47,118 [INFO ] (Connexion.java:connexion:45) Connection réussi
2018-04-26 09:39:47,129 [INFO ] (Connexion.java:connexion:45) Connection réussi
2018-04-26 09:39:47,139 [INFO ] (Connexion.java:connexion:45) Connection réussi
2018-04-26 09:39:47,150 [INFO ] (Connexion.java:connexion:45) Connection réussi
2018-04-26 09:39:47,161 [INFO ] (Connexion.java:connexion:45) Connection réussi
2018-04-26 09:39:47,198 [INFO ] (Connexion.java:connexion:45) Connection réussi
2018-04-26 09:39:47,211 [INFO ] (Connexion.java:connexion:45) Connection réussi
2018-04-26 09:39:47,226 [INFO ] (Connexion.java:connexion:45) Connection réussi
2018-04-26 09:39:47,232 [INFO ] (Connexion.java:connexion:45) Connection réussi
2018-04-26 09:39:48,842 [INFO ] (Connexion.java:connexion:45) Connection réussi
2018-04-26 09:39:48,854 [INFO ] (Connexion.java:connexion:45) Connection réussi
2018-04-26 09:39:48,865 [INFO ] (Connexion.java:connexion:45) Connection réussi
2018-04-26 09:39:48,876 [INFO ] (Connexion.java:connexion:45) Connection réussi
2018-04-26 09:39:48,887 [INFO ] (Connexion.java:connexion:45) Connection réussi
2018-04-26 09:39:48,897 [INFO ] (Connexion.java:connexion:45) Connection réussi
2018-04-26 09:39:48,908 [INFO ] (Connexion.java:connexion:45) Connection réussi
2018-04-26 09:39:48,918 [INFO ] (Connexion.java:connexion:45) Connection réussi
2018-04-26 09:39:48,954 [INFO ] (Connexion.java:connexion:45) Connection réussi
2018-04-26 09:39:48,968 [INFO ] (Connexion.java:connexion:45) Connection réussi
2018-04-26 09:39:48,981 [INFO ] (Connexion.java:connexion:45) Connection réussi
2018-04-26 09:39:48,991 [INFO ] (Connexion.java:connexion:45) Connection réussi
2018-04-26 09:40:09,687 [INFO ] (Connexion.java:connexion:45) Connection réussi
2018-04-26 09:40:09,700 [INFO ] (Connexion.java:connexion:45) Connection réussi
2018-04-26 09:40:09,742 [INFO ] (Connexion.java:connexion:45) Connection réussi
2018-04-26 09:40:09,754 [INFO ] (Connexion.java:connexion:45) Connection réussi
2018-04-26 09:40:09,771 [INFO ] (Connexion.java:connexion:45) Connection réussi
2018-04-26 09:40:50,529 [INFO ] (Connexion.java:connexion:45) Connection réussi
2018-04-26 09:40:50,546 [INFO ] (Connexion.java:connexion:45) Connection réussi
2018-04-26 09:40:50,566 [INFO ] (Connexion.java:connexion:45) Connection réussi
2018-04-26 09:40:50,588 [INFO ] (Connexion.java:connexion:45) Connection réussi
2018-04-26 09:40:50,600 [INFO ] (Connexion.java:connexion:45) Connection réussi
2018-04-26 09:40:50,616 [INFO ] (Connexion.java:connexion:45) Connection réussi
2018-04-26 09:40:50,641 [INFO ] (Connexion.java:connexion:45) Connection réussi
2018-04-26 09:40:50,650 [INFO ] (Connexion.java:connexion:45) Connection réussi
2018-04-26 09:40:50,661 [INFO ] (Connexion.java:connexion:45) Connection réussi
2018-04-26 09:40:50,671 [INFO ] (Connexion.java:connexion:45) Connection réussi
2018-04-26 09:40:50,724 [INFO ] (Connexion.java:connexion:45) Connection réussi
2018-04-26 09:40:50,735 [INFO ] (Connexion.java:connexion:45) Connection réussi
2018-04-26 09:40:50,746 [INFO ] (Connexion.java:connexion:45) Connection réussi
2018-04-26 09:40:50,756 [INFO ] (Connexion.java:connexion:45) Connection réussi
2018-04-26 09:41:02,578 [INFO ] (Connexion.java:connexion:45) Connection réussi
2018-04-26 09:41:02,592 [INFO ] (Connexion.java:connexion:45) Connection réussi
2018-04-26 09:41:02,604 [INFO ] (Connexion.java:connexion:45) Connection réussi
2018-04-26 09:41:02,615 [INFO ] (Connexion.java:connexion:45) Connection réussi
2018-04-26 09:41:02,626 [INFO ] (Connexion.java:connexion:45) Connection réussi
2018-04-26 09:41:02,638 [INFO ] (Connexion.java:connexion:45) Connection réussi
2018-04-26 09:41:02,648 [INFO ] (Connexion.java:connexion:45) Connection réussi
2018-04-26 09:41:02,659 [INFO ] (Connexion.java:connexion:45) Connection réussi
2018-04-26 09:41:02,670 [INFO ] (Connexion.java:connexion:45) Connection réussi
2018-04-26 09:41:02,680 [INFO ] (Connexion.java:connexion:45) Connection réussi
2018-04-26 09:41:02,691 [INFO ] (Connexion.java:connexion:45) Connection réussi
2018-04-26 09:41:02,725 [INFO ] (Connexion.java:connexion:45) Connection réussi
2018-04-26 09:41:02,735 [INFO ] (Connexion.java:connexion:45) Connection réussi
2018-04-26 09:41:02,747 [INFO ] (Connexion.java:connexion:45) Connection réussi
2018-04-26 09:41:02,757 [INFO ] (Connexion.java:connexion:45) Connection réussi
2018-04-26 09:41:02,770 [INFO ] (Connexion.java:connexion:45) Connection réussi
2018-04-26 09:41:02,781 [INFO ] (Connexion.java:connexion:45) Connection réussi
2018-04-26 09:41:02,794 [INFO ] (Connexion.java:connexion:45) Connection réussi
2018-04-26 09:41:02,795 [INFO ] (BeanVirement.java:virementGestion:67) Un virement de 7474du compte id : 2 vers le compte id : 3 a été correctement effectué
2018-04-26 09:41:19,836 [INFO ] (Connexion.java:connexion:45) Connection réussi
2018-04-26 09:41:19,850 [INFO ] (Connexion.java:connexion:45) Connection réussi
2018-04-26 09:41:19,865 [INFO ] (Connexion.java:connexion:45) Connection réussi
2018-04-26 09:41:22,529 [INFO ] (Connexion.java:connexion:45) Connection réussi
2018-04-26 09:41:22,540 [INFO ] (Connexion.java:connexion:45) Connection réussi
2018-04-26 09:41:22,555 [INFO ] (Connexion.java:connexion:45) Connection réussi
2018-04-26 09:41:22,568 [INFO ] (Connexion.java:connexion:45) Connection réussi
2018-04-26 09:41:22,579 [INFO ] (Connexion.java:connexion:45) Connection réussi
2018-04-26 09:41:22,589 [INFO ] (Connexion.java:connexion:45) Connection réussi
2018-04-26 09:41:22,600 [INFO ] (Connexion.java:connexion:45) Connection réussi
2018-04-26 09:41:22,610 [INFO ] (Connexion.java:connexion:45) Connection réussi
2018-04-26 09:41:22,621 [INFO ] (Connexion.java:connexion:45) Connection réussi
2018-04-26 09:41:22,631 [INFO ] (Connexion.java:connexion:45) Connection réussi
2018-04-26 09:41:22,665 [INFO ] (Connexion.java:connexion:45) Connection réussi
2018-04-26 09:41:22,676 [INFO ] (Connexion.java:connexion:45) Connection réussi
2018-04-26 09:41:22,687 [INFO ] (Connexion.java:connexion:45) Connection réussi
2018-04-26 09:41:22,697 [INFO ] (Connexion.java:connexion:45) Connection réussi
2018-04-26 09:41:25,674 [INFO ] (Connexion.java:connexion:45) Connection réussi
2018-04-26 09:41:25,687 [INFO ] (Connexion.java:connexion:45) Connection réussi
2018-04-26 09:41:25,699 [INFO ] (Connexion.java:connexion:45) Connection réussi
2018-04-26 09:41:25,710 [INFO ] (Connexion.java:connexion:45) Connection réussi
2018-04-26 09:41:25,721 [INFO ] (Connexion.java:connexion:45) Connection réussi
2018-04-26 09:41:25,732 [INFO ] (Connexion.java:connexion:45) Connection réussi
2018-04-26 09:41:25,743 [INFO ] (Connexion.java:connexion:45) Connection réussi
2018-04-26 09:41:25,756 [INFO ] (Connexion.java:connexion:45) Connection réussi
2018-04-26 09:41:25,767 [INFO ] (Connexion.java:connexion:45) Connection réussi
2018-04-26 09:41:25,778 [INFO ] (Connexion.java:connexion:45) Connection réussi
2018-04-26 09:41:25,789 [INFO ] (Connexion.java:connexion:45) Connection réussi
2018-04-26 09:41:25,822 [INFO ] (Connexion.java:connexion:45) Connection réussi
2018-04-26 09:41:25,832 [INFO ] (Connexion.java:connexion:45) Connection réussi
2018-04-26 09:41:25,849 [INFO ] (Connexion.java:connexion:45) Connection réussi
2018-04-26 09:41:25,859 [INFO ] (Connexion.java:connexion:45) Connection réussi
2018-04-26 09:41:25,870 [INFO ] (Connexion.java:connexion:45) Connection réussi
2018-04-26 09:41:25,880 [INFO ] (Connexion.java:connexion:45) Connection réussi
2018-04-26 09:41:25,891 [INFO ] (Connexion.java:connexion:45) Connection réussi
2018-04-26 09:41:25,892 [DEBUG] (BeanVirement.java:virementGestion:73) Un virement de 0du compte id : 2 vers le compte id : 3 n'a pas pu ête correctement effectué
2018-04-26 09:53:10,264 [INFO ] (BeanConseiller.java:verifLogin:96) Connection réussi
2018-04-26 09:55:38,516 [INFO ] (BeanConseiller.java:verifLogin:96) Connection réussi
2018-04-26 09:56:18,160 [INFO ] (BeanConseiller.java:verifLogin:96) Connection réussi
2018-04-26 09:58:11,168 [INFO ] (BeanConseiller.java:verifLogin:96) Connection réussi
2018-04-26 10:07:01,503 [INFO ] (BeanConseiller.java:verifLogin:102) Identifiant non reconnu
2018-04-26 10:07:32,280 [INFO ] (BeanConseiller.java:verifLogin:97) Connection réussi
2018-04-26 10:19:36,357 [INFO ] (BeanConseiller.java:verifLogin:97) Connection réussi
2018-04-26 10:29:01,103 [INFO ] (BeanConseiller.java:verifLogin:97) Connection réussi
